Build started 11/5/2009 2:03:42 PM.
     1>Project "C:\Users\Jengo\Desktop\Project\mazegeneration483w\MazeGenerationAndGraphicalSolver\MazeGenerationAndGraphicalSolver\MazeGenerationAndGraphicalSolver.vcxproj" on node 39 (build target(s)).
     1>_PrepareForBuild:
         Touching "Debug\MazeGenerationAndGraphicalSolver.unsuccessfulbuild".
       ClCompile:
         C:\Program Files\Microsoft Visual Studio 10.0\VC\bin\CL.exe /c /ZI /nologo /W3 /WX- /Od /Oy- /D WIN32 /D _DEBUG /D _CONSOLE /D _UNICODE /D UNICODE /Gm /EHsc /RTC1 /MDd /GS /fp:precise /Zc:wchar_t /Zc:forScope /Fo"Debug\\" /Fd"Debug\vc100.pdb" /Gd /TP /analyze- /errorReport:prompt King.cpp Location.cpp Maze.cpp MazeGenerationAndGraphicalSolver.cpp
         Maze.cpp
     1>c:\users\jengo\desktop\project\mazegeneration483w\mazegenerationandgraphicalsolver\mazegenerationandgraphicalsolver\maze.cpp(26): warning C4244: 'argument' : conversion from 'time_t' to 'unsigned int', possible loss of data
         Generating Code...
         Skipping... (no relevant changes detected)
         MazeGenerationAndGraphicalSolver.cpp
         Location.cpp
         King.cpp
       ManifestResourceCompile:
         All outputs are up-to-date.
       Link:
         C:\Program Files\Microsoft Visual Studio 10.0\VC\bin\link.exe /ERRORREPORT:PROMPT /OUT:"C:\Users\Jengo\Desktop\Project\mazegeneration483w\MazeGenerationAndGraphicalSolver\Debug\MazeGenerationAndGraphicalSolver.exe" /INCREMENTAL /NOLOGO kernel32.lib user32.lib gdi32.lib winspool.lib comdlg32.lib advapi32.lib shell32.lib ole32.lib oleaut32.lib uuid.lib odbc32.lib odbccp32.lib /MANIFEST /ManifestFile:"Debug\MazeGenerationAndGraphicalSolver.exe.intermediate.manifest" /MANIFESTUAC:"level='asInvoker' uiAccess='false'" /DEBUG /PDB:"C:\Users\Jengo\Desktop\Project\mazegeneration483w\MazeGenerationAndGraphicalSolver\Debug\MazeGenerationAndGraphicalSolver.pdb" /SUBSYSTEM:CONSOLE /TLBID:1 /DYNAMICBASE /NXCOMPAT /IMPLIB:"C:\Users\Jengo\Desktop\Project\mazegeneration483w\MazeGenerationAndGraphicalSolver\Debug\MazeGenerationAndGraphicalSolver.lib" /MACHINE:X86 Debug\Coordinate.obj
         Debug\King.obj
         Debug\Location.obj
         Debug\Maze.obj
         Debug\MazeGenerationAndGraphicalSolver.obj
         Debug\stdafx.obj
         Debug\MazeGenerationAndGraphicalSolver.exe.embed.manifest.res
       Manifest:
         C:\Program Files\Microsoft SDKs\Windows\v7.0A\bin\mt.exe /nologo /verbose /out:"Debug\MazeGenerationAndGraphicalSolver.exe.embed.manifest" /manifest Debug\MazeGenerationAndGraphicalSolver.exe.intermediate.manifest
         C:\Program Files\Microsoft SDKs\Windows\v7.0A\bin\rc.exe /nologo /fo"Debug\MazeGenerationAndGraphicalSolver.exe.embed.manifest.res" Debug\MazeGenerationAndGraphicalSolver_manifest.rc 
       LinkEmbedManifest:
         C:\Program Files\Microsoft Visual Studio 10.0\VC\bin\link.exe /ERRORREPORT:PROMPT /OUT:"C:\Users\Jengo\Desktop\Project\mazegeneration483w\MazeGenerationAndGraphicalSolver\Debug\MazeGenerationAndGraphicalSolver.exe" /INCREMENTAL /NOLOGO kernel32.lib user32.lib gdi32.lib winspool.lib comdlg32.lib advapi32.lib shell32.lib ole32.lib oleaut32.lib uuid.lib odbc32.lib odbccp32.lib /MANIFEST /ManifestFile:"Debug\MazeGenerationAndGraphicalSolver.exe.intermediate.manifest" /MANIFESTUAC:"level='asInvoker' uiAccess='false'" /DEBUG /PDB:"C:\Users\Jengo\Desktop\Project\mazegeneration483w\MazeGenerationAndGraphicalSolver\Debug\MazeGenerationAndGraphicalSolver.pdb" /SUBSYSTEM:CONSOLE /TLBID:1 /DYNAMICBASE /NXCOMPAT /IMPLIB:"C:\Users\Jengo\Desktop\Project\mazegeneration483w\MazeGenerationAndGraphicalSolver\Debug\MazeGenerationAndGraphicalSolver.lib" /MACHINE:X86 Debug\Coordinate.obj
         Debug\King.obj
         Debug\Location.obj
         Debug\Maze.obj
         Debug\MazeGenerationAndGraphicalSolver.obj
         Debug\stdafx.obj
         Debug\MazeGenerationAndGraphicalSolver.exe.embed.manifest.res
         MazeGenerationAndGraphicalSolver.vcxproj -> C:\Users\Jengo\Desktop\Project\mazegeneration483w\MazeGenerationAndGraphicalSolver\Debug\MazeGenerationAndGraphicalSolver.exe
       _AfterBuild:
         Deleting file "Debug\MazeGenerationAndGraphicalSolver.unsuccessfulbuild".
         Touching "Debug\MazeGenerationAndGraphicalSolver.lastbuildstate".
     1>Done Building Project "C:\Users\Jengo\Desktop\Project\mazegeneration483w\MazeGenerationAndGraphicalSolver\MazeGenerationAndGraphicalSolver\MazeGenerationAndGraphicalSolver.vcxproj" (build target(s)).

Build succeeded.

Time Elapsed 00:00:05.95
